<?xml version="1.0" encoding="UTF-8"?>
<coverage generated="1584214315041" clover="3.2.0">
  <project timestamp="1584214315041" name="All files">
    <metrics statements="115" coveredstatements="36" conditionals="36" coveredconditionals="8" methods="57" coveredmethods="6" elements="208" coveredelements="50" complexity="0" loc="115" ncloc="115" packages="8" files="11" classes="11"/>
    <package name="DapaniApp">
      <metrics statements="11" coveredstatements="5" conditionals="0" coveredconditionals="0" methods="1" coveredmethods="0"/>
      <file name="App.tsx" path="/home/coder/Persona/react-native/DapaniApp/App.tsx">
        <metrics statements="6" coveredstatements="0" conditionals="0" coveredconditionals="0" methods="1" coveredmethods="0"/>
        <line num="1" count="0" type="stmt"/>
        <line num="9" count="0" type="stmt"/>
        <line num="10" count="0" type="stmt"/>
        <line num="11" count="0" type="stmt"/>
        <line num="13" count="0" type="stmt"/>
        <line num="19" count="0" type="stmt"/>
      </file>
      <file name="store.ts" path="/home/coder/Persona/react-native/DapaniApp/store.ts">
        <metrics statements="5" coveredstatements="5" conditionals="0" coveredconditionals="0" methods="0" coveredmethods="0"/>
        <line num="1" count="1" type="stmt"/>
        <line num="2" count="1" type="stmt"/>
        <line num="3" count="1" type="stmt"/>
        <line num="5" count="1" type="stmt"/>
        <line num="8" count="1" type="stmt"/>
      </file>
    </package>
    <package name="DapaniApp.actions">
      <metrics statements="9" coveredstatements="9" conditionals="0" coveredconditionals="0" methods="4" coveredmethods="0"/>
      <file name="expense-actions.ts" path="/home/coder/Persona/react-native/DapaniApp/actions/expense-actions.ts">
        <metrics statements="9" coveredstatements="9" conditionals="0" coveredconditionals="0" methods="4" coveredmethods="0"/>
        <line num="1" count="1" type="stmt"/>
        <line num="10" count="1" type="stmt"/>
        <line num="12" count="1" type="stmt"/>
        <line num="15" count="1" type="stmt"/>
        <line num="17" count="1" type="stmt"/>
        <line num="20" count="1" type="stmt"/>
        <line num="22" count="1" type="stmt"/>
        <line num="25" count="1" type="stmt"/>
        <line num="27" count="1" type="stmt"/>
      </file>
    </package>
    <package name="DapaniApp.common">
      <metrics statements="5" coveredstatements="5" conditionals="0" coveredconditionals="0" methods="0" coveredmethods="0"/>
      <file name="common-types.ts" path="/home/coder/Persona/react-native/DapaniApp/common/common-types.ts">
        <metrics statements="0" coveredstatements="0" conditionals="0" coveredconditionals="0" methods="0" coveredmethods="0"/>
      </file>
      <file name="redux-types.ts" path="/home/coder/Persona/react-native/DapaniApp/common/redux-types.ts">
        <metrics statements="5" coveredstatements="5" conditionals="0" coveredconditionals="0" methods="0" coveredmethods="0"/>
        <line num="1" count="1" type="stmt"/>
        <line num="4" count="1" type="stmt"/>
        <line num="5" count="1" type="stmt"/>
        <line num="6" count="1" type="stmt"/>
        <line num="7" count="1" type="stmt"/>
      </file>
    </package>
    <package name="DapaniApp.components">
      <metrics statements="6" coveredstatements="0" conditionals="0" coveredconditionals="0" methods="3" coveredmethods="0"/>
      <file name="item-separator.tsx" path="/home/coder/Persona/react-native/DapaniApp/components/item-separator.tsx">
        <metrics statements="6" coveredstatements="0" conditionals="0" coveredconditionals="0" methods="3" coveredmethods="0"/>
        <line num="1" count="0" type="stmt"/>
        <line num="2" count="0" type="stmt"/>
        <line num="4" count="0" type="stmt"/>
        <line num="6" count="0" type="stmt"/>
        <line num="7" count="0" type="stmt"/>
        <line num="10" count="0" type="stmt"/>
      </file>
    </package>
    <package name="DapaniApp.navigation">
      <metrics statements="5" coveredstatements="0" conditionals="0" coveredconditionals="0" methods="2" coveredmethods="0"/>
      <file name="navigation.ts" path="/home/coder/Persona/react-native/DapaniApp/navigation/navigation.ts">
        <metrics statements="5" coveredstatements="0" conditionals="0" coveredconditionals="0" methods="2" coveredmethods="0"/>
        <line num="1" count="0" type="stmt"/>
        <line num="2" count="0" type="stmt"/>
        <line num="3" count="0" type="stmt"/>
        <line num="4" count="0" type="stmt"/>
        <line num="7" count="0" type="stmt"/>
      </file>
    </package>
    <package name="DapaniApp.reducers">
      <metrics statements="26" coveredstatements="10" conditionals="15" coveredconditionals="5" methods="9" coveredmethods="1"/>
      <file name="expense-reducers.ts" path="/home/coder/Persona/react-native/DapaniApp/reducers/expense-reducers.ts">
        <metrics statements="23" coveredstatements="7" conditionals="15" coveredconditionals="5" methods="9" coveredmethods="1"/>
        <line num="1" count="1" type="stmt"/>
        <line num="2" count="1" type="stmt"/>
        <line num="5" count="1" type="stmt"/>
        <line num="12" count="0" type="stmt"/>
        <line num="15" count="3" type="cond" truecount="4" falsecount="2"/>
        <line num="16" count="3" type="cond" truecount="1" falsecount="4"/>
        <line num="18" count="0" type="stmt"/>
        <line num="19" count="0" type="stmt"/>
        <line num="20" count="0" type="stmt"/>
        <line num="23" count="0" type="stmt"/>
        <line num="24" count="0" type="stmt"/>
        <line num="27" count="0" type="stmt"/>
        <line num="28" count="0" type="stmt"/>
        <line num="33" count="0" type="stmt"/>
        <line num="34" count="0" type="stmt"/>
        <line num="35" count="0" type="cond" truecount="0" falsecount="2"/>
        <line num="36" count="0" type="stmt"/>
        <line num="40" count="0" type="stmt"/>
        <line num="41" count="0" type="stmt"/>
        <line num="42" count="0" type="cond" truecount="0" falsecount="2"/>
        <line num="43" count="0" type="stmt"/>
        <line num="47" count="3" type="stmt"/>
        <line num="49" count="1" type="stmt"/>
      </file>
      <file name="index.ts" path="/home/coder/Persona/react-native/DapaniApp/reducers/index.ts">
        <metrics statements="3" coveredstatements="3" conditionals="0" coveredconditionals="0" methods="0" coveredmethods="0"/>
        <line num="1" count="1" type="stmt"/>
        <line num="2" count="1" type="stmt"/>
        <line num="4" count="1" type="stmt"/>
      </file>
    </package>
    <package name="DapaniApp.screens">
      <metrics statements="33" coveredstatements="0" conditionals="17" coveredconditionals="0" methods="25" coveredmethods="0"/>
      <file name="expense-list.tsx" path="/home/coder/Persona/react-native/DapaniApp/screens/expense-list.tsx">
        <metrics statements="33" coveredstatements="0" conditionals="17" coveredconditionals="0" methods="25" coveredmethods="0"/>
        <line num="1" count="0" type="stmt"/>
        <line num="2" count="0" type="stmt"/>
        <line num="13" count="0" type="stmt"/>
        <line num="15" count="0" type="stmt"/>
        <line num="16" count="0" type="stmt"/>
        <line num="18" count="0" type="stmt"/>
        <line num="35" count="0" type="stmt"/>
        <line num="39" count="0" type="stmt"/>
        <line num="40" count="0" type="stmt"/>
        <line num="90" count="0" type="stmt"/>
        <line num="91" count="0" type="stmt"/>
        <line num="92" count="0" type="stmt"/>
        <line num="93" count="0" type="stmt"/>
        <line num="94" count="0" type="cond" truecount="0" falsecount="2"/>
        <line num="95" count="0" type="stmt"/>
        <line num="99" count="0" type="stmt"/>
        <line num="178" count="0" type="stmt"/>
        <line num="179" count="0" type="cond" truecount="0" falsecount="3"/>
        <line num="182" count="0" type="stmt"/>
        <line num="183" count="0" type="cond" truecount="0" falsecount="10"/>
        <line num="185" count="0" type="stmt"/>
        <line num="186" count="0" type="cond" truecount="0" falsecount="2"/>
        <line num="187" count="0" type="stmt"/>
        <line num="193" count="0" type="stmt"/>
        <line num="197" count="0" type="stmt"/>
        <line num="205" count="0" type="stmt"/>
        <line num="206" count="0" type="stmt"/>
        <line num="211" count="0" type="stmt"/>
        <line num="214" count="0" type="stmt"/>
        <line num="303" count="0" type="stmt"/>
        <line num="304" count="0" type="stmt"/>
        <line num="305" count="0" type="stmt"/>
        <line num="308" count="0" type="stmt"/>
      </file>
    </package>
    <package name="DapaniApp.services">
      <metrics statements="20" coveredstatements="7" conditionals="4" coveredconditionals="3" methods="13" coveredmethods="5"/>
      <file name="expense-service.ts" path="/home/coder/Persona/react-native/DapaniApp/services/expense-service.ts">
        <metrics statements="20" coveredstatements="7" conditionals="4" coveredconditionals="3" methods="13" coveredmethods="5"/>
        <line num="1" count="1" type="stmt"/>
        <line num="2" count="1" type="stmt"/>
        <line num="9" count="1" type="stmt"/>
        <line num="16" count="1" type="stmt"/>
        <line num="20" count="3" type="cond" truecount="3" falsecount="1"/>
        <line num="22" count="1" type="stmt"/>
        <line num="26" count="0" type="stmt"/>
        <line num="27" count="0" type="stmt"/>
        <line num="28" count="0" type="stmt"/>
        <line num="34" count="0" type="stmt"/>
        <line num="38" count="0" type="stmt"/>
        <line num="40" count="0" type="stmt"/>
        <line num="41" count="0" type="stmt"/>
        <line num="44" count="0" type="stmt"/>
        <line num="45" count="0" type="stmt"/>
        <line num="50" count="0" type="stmt"/>
        <line num="54" count="0" type="stmt"/>
        <line num="58" count="0" type="stmt"/>
        <line num="62" count="0" type="stmt"/>
        <line num="63" count="1" type="stmt"/>
      </file>
    </package>
  </project>
</coverage>
