{"/home/coder/Persona/react-native/DapaniApp/App.tsx": {"path":"/home/coder/Persona/react-native/DapaniApp/App.tsx","statementMap":{"0":{"start":{"line":1,"column":42},"end":{"line":1,"column":97}},"1":{"start":{"line":1,"column":98},"end":{"line":1,"column":160}},"2":{"start":{"line":1,"column":160},"end":{"line":1,"column":185}},"3":{"start":{"line":9,"column":13},"end":{"line":9,"column":53}},"4":{"start":{"line":10,"column":19},"end":{"line":10,"column":42}},"5":{"start":{"line":11,"column":19},"end":{"line":11,"column":76}},"6":{"start":{"line":11,"column":96},"end":{"line":11,"column":148}},"7":{"start":{"line":13,"column":10},"end":{"line":15,"column":140}},"8":{"start":{"line":13,"column":26},"end":{"line":15,"column":139}},"9":{"start":{"line":19,"column":0},"end":{"line":19,"column":3}},"10":{"start":{"line":19,"column":4},"end":{"line":19,"column":31}}},"fnMap":{"0":{"name":"App","decl":{"start":{"line":13,"column":19},"end":{"line":13,"column":22}},"loc":{"start":{"line":13,"column":25},"end":{"line":15,"column":140}},"line":13}},"branchMap":{},"s":{"0":0,"1":0,"2":0,"3":0,"4":0,"5":0,"6":0,"7":0,"8":0,"9":0,"10":0},"f":{"0":0},"b":{},"hash":"aa5dd91fc6450283e1a52f6f31e42df38e0fff0e"}
,"/home/coder/Persona/react-native/DapaniApp/store.ts": {"path":"/home/coder/Persona/react-native/DapaniApp/store.ts","statementMap":{"0":{"start":{"line":1,"column":13},"end":{"line":1,"column":75}},"1":{"start":{"line":1,"column":75},"end":{"line":1,"column":98}},"2":{"start":{"line":1,"column":111},"end":{"line":1,"column":127}},"3":{"start":{"line":2,"column":16},"end":{"line":2,"column":37}},"4":{"start":{"line":3,"column":19},"end":{"line":3,"column":42}},"5":{"start":{"line":5,"column":12},"end":{"line":8,"column":100}},"6":{"start":{"line":8,"column":101},"end":{"line":8,"column":123}}},"fnMap":{},"branchMap":{},"s":{"0":1,"1":1,"2":1,"3":1,"4":1,"5":1,"6":1},"f":{},"b":{},"_coverageSchema":"43e27e138ebf9cfc5966b082cf9a028302ed4184","hash":"a77a8b7b79371e517b8ae3efe65d8f130d24f530"}
,"/home/coder/Persona/react-native/DapaniApp/actions/expense-actions.ts": {"path":"/home/coder/Persona/react-native/DapaniApp/actions/expense-actions.ts","statementMap":{"0":{"start":{"line":1,"column":13},"end":{"line":1,"column":75}},"1":{"start":{"line":1,"column":75},"end":{"line":1,"column":206}},"2":{"start":{"line":1,"column":224},"end":{"line":1,"column":256}},"3":{"start":{"line":10,"column":25},"end":{"line":12,"column":53}},"4":{"start":{"line":10,"column":71},"end":{"line":12,"column":52}},"5":{"start":{"line":12,"column":54},"end":{"line":12,"column":102}},"6":{"start":{"line":15,"column":33},"end":{"line":17,"column":45}},"7":{"start":{"line":15,"column":83},"end":{"line":17,"column":44}},"8":{"start":{"line":17,"column":46},"end":{"line":17,"column":110}},"9":{"start":{"line":20,"column":27},"end":{"line":22,"column":24}},"10":{"start":{"line":20,"column":67},"end":{"line":22,"column":23}},"11":{"start":{"line":22,"column":25},"end":{"line":22,"column":77}},"12":{"start":{"line":25,"column":23},"end":{"line":27,"column":25}},"13":{"start":{"line":25,"column":60},"end":{"line":27,"column":24}},"14":{"start":{"line":27,"column":26},"end":{"line":27,"column":70}}},"fnMap":{"0":{"name":"saveExpensesAction","decl":{"start":{"line":10,"column":34},"end":{"line":10,"column":52}},"loc":{"start":{"line":10,"column":70},"end":{"line":12,"column":53}},"line":10},"1":{"name":"updateExpenseCommentAction","decl":{"start":{"line":15,"column":42},"end":{"line":15,"column":68}},"loc":{"start":{"line":15,"column":82},"end":{"line":17,"column":45}},"line":15},"2":{"name":"updateExpenseReceipt","decl":{"start":{"line":20,"column":36},"end":{"line":20,"column":56}},"loc":{"start":{"line":20,"column":66},"end":{"line":22,"column":24}},"line":20},"3":{"name":"loadMoreExpenses","decl":{"start":{"line":25,"column":32},"end":{"line":25,"column":48}},"loc":{"start":{"line":25,"column":59},"end":{"line":27,"column":25}},"line":25}},"branchMap":{},"s":{"0":1,"1":1,"2":1,"3":1,"4":0,"5":1,"6":1,"7":0,"8":1,"9":1,"10":0,"11":1,"12":1,"13":0,"14":1},"f":{"0":0,"1":0,"2":0,"3":0},"b":{},"_coverageSchema":"43e27e138ebf9cfc5966b082cf9a028302ed4184","hash":"2a16b8defcdb7910bb43f95dfbdd48e85688bd8e"}
,"/home/coder/Persona/react-native/DapaniApp/common/common-types.ts": {"path":"/home/coder/Persona/react-native/DapaniApp/common/common-types.ts","statementMap":{},"fnMap":{},"branchMap":{},"s":{},"f":{},"b":{},"hash":"6758d2e59e91d53bea21859f8a1611ec004ec87f"}
,"/home/coder/Persona/react-native/DapaniApp/common/redux-types.ts": {"path":"/home/coder/Persona/react-native/DapaniApp/common/redux-types.ts","statementMap":{"0":{"start":{"line":1,"column":13},"end":{"line":1,"column":75}},"1":{"start":{"line":1,"column":75},"end":{"line":1,"column":201}},"2":{"start":{"line":4,"column":20},"end":{"line":4,"column":35}},"3":{"start":{"line":4,"column":36},"end":{"line":4,"column":74}},"4":{"start":{"line":5,"column":29},"end":{"line":5,"column":53}},"5":{"start":{"line":5,"column":54},"end":{"line":5,"column":110}},"6":{"start":{"line":6,"column":29},"end":{"line":6,"column":53}},"7":{"start":{"line":6,"column":54},"end":{"line":6,"column":110}},"8":{"start":{"line":7,"column":25},"end":{"line":7,"column":45}},"9":{"start":{"line":7,"column":46},"end":{"line":7,"column":94}}},"fnMap":{},"branchMap":{},"s":{"0":1,"1":1,"2":1,"3":1,"4":1,"5":1,"6":1,"7":1,"8":1,"9":1},"f":{},"b":{},"_coverageSchema":"43e27e138ebf9cfc5966b082cf9a028302ed4184","hash":"8668f56615864648535185f4dfc00d9802184a9f"}
,"/home/coder/Persona/react-native/DapaniApp/components/item-separator.tsx": {"path":"/home/coder/Persona/react-native/DapaniApp/components/item-separator.tsx","statementMap":{"0":{"start":{"line":1,"column":42},"end":{"line":1,"column":97}},"1":{"start":{"line":1,"column":98},"end":{"line":1,"column":160}},"2":{"start":{"line":1,"column":160},"end":{"line":1,"column":185}},"3":{"start":{"line":1,"column":208},"end":{"line":1,"column":280}},"4":{"start":{"line":1,"column":301},"end":{"line":1,"column":370}},"5":{"start":{"line":1,"column":405},"end":{"line":1,"column":488}},"6":{"start":{"line":1,"column":512},"end":{"line":1,"column":584}},"7":{"start":{"line":1,"column":602},"end":{"line":1,"column":668}},"8":{"start":{"line":1,"column":688},"end":{"line":1,"column":711}},"9":{"start":{"line":2,"column":13},"end":{"line":2,"column":53}},"10":{"start":{"line":2,"column":73},"end":{"line":2,"column":147}},"11":{"start":{"line":4,"column":16},"end":{"line":7,"column":58}},"12":{"start":{"line":4,"column":45},"end":{"line":4,"column":102}},"13":{"start":{"line":4,"column":128},"end":{"line":4,"column":179}},"14":{"start":{"line":4,"column":179},"end":{"line":4,"column":302}},"15":{"start":{"line":4,"column":303},"end":{"line":7,"column":10}},"16":{"start":{"line":6,"column":6},"end":{"line":6,"column":147}},"17":{"start":{"line":7,"column":10},"end":{"line":7,"column":31}},"18":{"start":{"line":7,"column":59},"end":{"line":7,"column":91}},"19":{"start":{"line":10,"column":13},"end":{"line":16,"column":35}}},"fnMap":{"0":{"name":"(anonymous_0)","decl":{"start":{"line":4,"column":16},"end":{"line":4,"column":17}},"loc":{"start":{"line":4,"column":44},"end":{"line":7,"column":32}},"line":4},"1":{"name":"ItemSeparator","decl":{"start":{"line":4,"column":111},"end":{"line":4,"column":124}},"loc":{"start":{"line":4,"column":127},"end":{"line":4,"column":303}},"line":4},"2":{"name":"render","decl":{"start":{"line":4,"column":379},"end":{"line":4,"column":385}},"loc":{"start":{"line":5,"column":4},"end":{"line":7,"column":5}},"line":5}},"branchMap":{},"s":{"0":0,"1":0,"2":0,"3":0,"4":0,"5":0,"6":0,"7":0,"8":0,"9":0,"10":0,"11":0,"12":0,"13":0,"14":0,"15":0,"16":0,"17":0,"18":0,"19":0},"f":{"0":0,"1":0,"2":0},"b":{},"hash":"4345829e8ca7ac9bf4b2766bc9b9a85cebfac8a1"}
,"/home/coder/Persona/react-native/DapaniApp/navigation/navigation.ts": {"path":"/home/coder/Persona/react-native/DapaniApp/navigation/navigation.ts","statementMap":{"0":{"start":{"line":1,"column":42},"end":{"line":1,"column":97}},"1":{"start":{"line":1,"column":98},"end":{"line":1,"column":160}},"2":{"start":{"line":1,"column":160},"end":{"line":1,"column":202}},"3":{"start":{"line":1,"column":231},"end":{"line":1,"column":265}},"4":{"start":{"line":2,"column":19},"end":{"line":2,"column":77}},"5":{"start":{"line":3,"column":13},"end":{"line":3,"column":32}},"6":{"start":{"line":4,"column":18},"end":{"line":4,"column":40}},"7":{"start":{"line":7,"column":2},"end":{"line":7,"column":155}},"8":{"start":{"line":7,"column":88},"end":{"line":7,"column":116}}},"fnMap":{"0":{"name":"registerScreens","decl":{"start":{"line":6,"column":9},"end":{"line":6,"column":24}},"loc":{"start":{"line":6,"column":27},"end":{"line":8,"column":1}},"line":6},"1":{"name":"(anonymous_1)","decl":{"start":{"line":7,"column":75},"end":{"line":7,"column":76}},"loc":{"start":{"line":7,"column":87},"end":{"line":7,"column":117}},"line":7}},"branchMap":{},"s":{"0":0,"1":0,"2":0,"3":0,"4":0,"5":0,"6":0,"7":0,"8":0},"f":{"0":0,"1":0},"b":{},"hash":"150719d7d1999f18580c14fa68d024a7c0d4de76"}
,"/home/coder/Persona/react-native/DapaniApp/reducers/expense-reducers.ts": {"path":"/home/coder/Persona/react-native/DapaniApp/reducers/expense-reducers.ts","statementMap":{"0":{"start":{"line":1,"column":13},"end":{"line":1,"column":75}},"1":{"start":{"line":1,"column":75},"end":{"line":1,"column":107}},"2":{"start":{"line":2,"column":13},"end":{"line":2,"column":29}},"3":{"start":{"line":5,"column":26},"end":{"line":8,"column":12}},"4":{"start":{"line":12,"column":2},"end":{"line":12,"column":72}},"5":{"start":{"line":12,"column":48},"end":{"line":12,"column":69}},"6":{"start":{"line":15,"column":21},"end":{"line":49,"column":1}},"7":{"start":{"line":15,"column":60},"end":{"line":15,"column":147}},"8":{"start":{"line":15,"column":161},"end":{"line":15,"column":208}},"9":{"start":{"line":16,"column":2},"end":{"line":47,"column":20}},"10":{"start":{"line":18,"column":6},"end":{"line":25,"column":9}},"11":{"start":{"line":19,"column":8},"end":{"line":19,"column":28}},"12":{"start":{"line":20,"column":8},"end":{"line":21,"column":45}},"13":{"start":{"line":20,"column":60},"end":{"line":21,"column":42}},"14":{"start":{"line":23,"column":8},"end":{"line":23,"column":32}},"15":{"start":{"line":24,"column":8},"end":{"line":24,"column":43}},"16":{"start":{"line":27,"column":6},"end":{"line":31,"column":9}},"17":{"start":{"line":28,"column":8},"end":{"line":29,"column":45}},"18":{"start":{"line":28,"column":51},"end":{"line":29,"column":42}},"19":{"start":{"line":33,"column":6},"end":{"line":38,"column":9}},"20":{"start":{"line":34,"column":29},"end":{"line":34,"column":66}},"21":{"start":{"line":35,"column":8},"end":{"line":37,"column":9}},"22":{"start":{"line":36,"column":10},"end":{"line":36,"column":58}},"23":{"start":{"line":40,"column":6},"end":{"line":45,"column":9}},"24":{"start":{"line":41,"column":29},"end":{"line":41,"column":66}},"25":{"start":{"line":42,"column":8},"end":{"line":44,"column":9}},"26":{"start":{"line":43,"column":10},"end":{"line":43,"column":60}},"27":{"start":{"line":47,"column":6},"end":{"line":47,"column":19}},"28":{"start":{"line":49,"column":2},"end":{"line":49,"column":42}}},"fnMap":{"0":{"name":"findExpense","decl":{"start":{"line":11,"column":9},"end":{"line":11,"column":20}},"loc":{"start":{"line":11,"column":32},"end":{"line":13,"column":1}},"line":11},"1":{"name":"(anonymous_1)","decl":{"start":{"line":12,"column":32},"end":{"line":12,"column":33}},"loc":{"start":{"line":12,"column":47},"end":{"line":12,"column":70}},"line":12},"2":{"name":"expenseReducer","decl":{"start":{"line":15,"column":30},"end":{"line":15,"column":44}},"loc":{"start":{"line":15,"column":47},"end":{"line":49,"column":1}},"line":15},"3":{"name":"(anonymous_3)","decl":{"start":{"line":18,"column":40},"end":{"line":18,"column":41}},"loc":{"start":{"line":18,"column":57},"end":{"line":25,"column":7}},"line":18},"4":{"name":"(anonymous_4)","decl":{"start":{"line":20,"column":40},"end":{"line":20,"column":41}},"loc":{"start":{"line":20,"column":59},"end":{"line":21,"column":43}},"line":20},"5":{"name":"(anonymous_5)","decl":{"start":{"line":27,"column":40},"end":{"line":27,"column":41}},"loc":{"start":{"line":27,"column":57},"end":{"line":31,"column":7}},"line":27},"6":{"name":"(anonymous_6)","decl":{"start":{"line":28,"column":31},"end":{"line":28,"column":32}},"loc":{"start":{"line":28,"column":50},"end":{"line":29,"column":43}},"line":28},"7":{"name":"(anonymous_7)","decl":{"start":{"line":33,"column":40},"end":{"line":33,"column":41}},"loc":{"start":{"line":33,"column":57},"end":{"line":38,"column":7}},"line":33},"8":{"name":"(anonymous_8)","decl":{"start":{"line":40,"column":40},"end":{"line":40,"column":41}},"loc":{"start":{"line":40,"column":57},"end":{"line":45,"column":7}},"line":40}},"branchMap":{"0":{"loc":{"start":{"line":15,"column":60},"end":{"line":15,"column":147}},"type":"cond-expr","locations":[{"start":{"line":15,"column":113},"end":{"line":15,"column":125}},{"start":{"line":15,"column":128},"end":{"line":15,"column":147}}],"line":15},"1":{"loc":{"start":{"line":15,"column":60},"end":{"line":15,"column":110}},"type":"binary-expr","locations":[{"start":{"line":15,"column":60},"end":{"line":15,"column":80}},{"start":{"line":15,"column":84},"end":{"line":15,"column":110}}],"line":15},"2":{"loc":{"start":{"line":15,"column":161},"end":{"line":15,"column":208}},"type":"cond-expr","locations":[{"start":{"line":15,"column":184},"end":{"line":15,"column":196}},{"start":{"line":15,"column":199},"end":{"line":15,"column":208}}],"line":15},"3":{"loc":{"start":{"line":16,"column":2},"end":{"line":47,"column":20}},"type":"switch","locations":[{"start":{"line":17,"column":4},"end":{"line":25,"column":9}},{"start":{"line":26,"column":4},"end":{"line":31,"column":9}},{"start":{"line":32,"column":4},"end":{"line":38,"column":9}},{"start":{"line":39,"column":4},"end":{"line":45,"column":9}},{"start":{"line":46,"column":4},"end":{"line":47,"column":19}}],"line":16},"4":{"loc":{"start":{"line":35,"column":8},"end":{"line":37,"column":9}},"type":"if","locations":[{"start":{"line":35,"column":8},"end":{"line":37,"column":9}},{"start":{"line":35,"column":8},"end":{"line":37,"column":9}}],"line":35},"5":{"loc":{"start":{"line":42,"column":8},"end":{"line":44,"column":9}},"type":"if","locations":[{"start":{"line":42,"column":8},"end":{"line":44,"column":9}},{"start":{"line":42,"column":8},"end":{"line":44,"column":9}}],"line":42}},"s":{"0":1,"1":1,"2":1,"3":1,"4":0,"5":0,"6":1,"7":3,"8":3,"9":3,"10":0,"11":0,"12":0,"13":0,"14":0,"15":0,"16":0,"17":0,"18":0,"19":0,"20":0,"21":0,"22":0,"23":0,"24":0,"25":0,"26":0,"27":3,"28":1},"f":{"0":0,"1":0,"2":3,"3":0,"4":0,"5":0,"6":0,"7":0,"8":0},"b":{"0":[0,3],"1":[3,3],"2":[3,0],"3":[0,0,0,0,3],"4":[0,0],"5":[0,0]},"_coverageSchema":"43e27e138ebf9cfc5966b082cf9a028302ed4184","hash":"73a8c169d2b21a4e1e39799a4707ae042af8aea8"}
,"/home/coder/Persona/react-native/DapaniApp/reducers/index.ts": {"path":"/home/coder/Persona/react-native/DapaniApp/reducers/index.ts","statementMap":{"0":{"start":{"line":1,"column":13},"end":{"line":1,"column":75}},"1":{"start":{"line":1,"column":75},"end":{"line":1,"column":109}},"2":{"start":{"line":1,"column":122},"end":{"line":1,"column":138}},"3":{"start":{"line":2,"column":23},"end":{"line":2,"column":52}},"4":{"start":{"line":4,"column":23},"end":{"line":4,"column":101}},"5":{"start":{"line":4,"column":102},"end":{"line":4,"column":146}}},"fnMap":{},"branchMap":{},"s":{"0":1,"1":1,"2":1,"3":1,"4":1,"5":1},"f":{},"b":{},"_coverageSchema":"43e27e138ebf9cfc5966b082cf9a028302ed4184","hash":"3fffb3d2fad642790947c2e97488a15c9fcf9435"}
,"/home/coder/Persona/react-native/DapaniApp/screens/expense-list.tsx": {"path":"/home/coder/Persona/react-native/DapaniApp/screens/expense-list.tsx","statementMap":{"0":{"start":{"line":1,"column":42},"end":{"line":1,"column":97}},"1":{"start":{"line":1,"column":128},"end":{"line":1,"column":184}},"2":{"start":{"line":1,"column":185},"end":{"line":1,"column":247}},"3":{"start":{"line":1,"column":247},"end":{"line":1,"column":272}},"4":{"start":{"line":1,"column":298},"end":{"line":1,"column":373}},"5":{"start":{"line":1,"column":397},"end":{"line":1,"column":469}},"6":{"start":{"line":1,"column":490},"end":{"line":1,"column":559}},"7":{"start":{"line":1,"column":594},"end":{"line":1,"column":677}},"8":{"start":{"line":1,"column":701},"end":{"line":1,"column":773}},"9":{"start":{"line":1,"column":791},"end":{"line":1,"column":857}},"10":{"start":{"line":1,"column":871},"end":{"line":1,"column":912}},"11":{"start":{"line":2,"column":19},"end":{"line":2,"column":42}},"12":{"start":{"line":13,"column":21},"end":{"line":13,"column":84}},"13":{"start":{"line":15,"column":18},"end":{"line":15,"column":40}},"14":{"start":{"line":16,"column":22},"end":{"line":16,"column":84}},"15":{"start":{"line":18,"column":14},"end":{"line":18,"column":55}},"16":{"start":{"line":18,"column":75},"end":{"line":18,"column":144}},"17":{"start":{"line":35,"column":14},"end":{"line":211,"column":613}},"18":{"start":{"line":35,"column":37},"end":{"line":35,"column":86}},"19":{"start":{"line":39,"column":41},"end":{"line":39,"column":90}},"20":{"start":{"line":40,"column":4},"end":{"line":40,"column":121}},"21":{"start":{"line":40,"column":121},"end":{"line":40,"column":174}},"22":{"start":{"line":40,"column":174},"end":{"line":99,"column":6}},"23":{"start":{"line":90,"column":6},"end":{"line":98,"column":9}},"24":{"start":{"line":91,"column":8},"end":{"line":91,"column":19}},"25":{"start":{"line":91,"column":28},"end":{"line":91,"column":45}},"26":{"start":{"line":91,"column":55},"end":{"line":91,"column":73}},"27":{"start":{"line":91,"column":82},"end":{"line":91,"column":99}},"28":{"start":{"line":92,"column":24},"end":{"line":92,"column":38}},"29":{"start":{"line":93,"column":8},"end":{"line":97,"column":11}},"30":{"start":{"line":94,"column":10},"end":{"line":96,"column":11}},"31":{"start":{"line":95,"column":12},"end":{"line":95,"column":80}},"32":{"start":{"line":99,"column":6},"end":{"line":183,"column":6}},"33":{"start":{"line":178,"column":28},"end":{"line":181,"column":8}},"34":{"start":{"line":179,"column":8},"end":{"line":180,"column":55}},"35":{"start":{"line":182,"column":6},"end":{"line":182,"column":60}},"36":{"start":{"line":183,"column":6},"end":{"line":183,"column":134}},"37":{"start":{"line":183,"column":134},"end":{"line":183,"column":147}},"38":{"start":{"line":183,"column":148},"end":{"line":211,"column":575}},"39":{"start":{"line":183,"column":267},"end":{"line":183,"column":271}},"40":{"start":{"line":183,"column":291},"end":{"line":183,"column":301}},"41":{"start":{"line":183,"column":310},"end":{"line":183,"column":328}},"42":{"start":{"line":183,"column":338},"end":{"line":183,"column":357}},"43":{"start":{"line":183,"column":358},"end":{"line":183,"column":402}},"44":{"start":{"line":183,"column":421},"end":{"line":183,"column":505}},"45":{"start":{"line":183,"column":506},"end":{"line":183,"column":905}},"46":{"start":{"line":183,"column":569},"end":{"line":183,"column":588}},"47":{"start":{"line":183,"column":588},"end":{"line":183,"column":902}},"48":{"start":{"line":183,"column":671},"end":{"line":183,"column":822}},"49":{"start":{"line":183,"column":694},"end":{"line":183,"column":754}},"50":{"start":{"line":183,"column":754},"end":{"line":183,"column":821}},"51":{"start":{"line":183,"column":822},"end":{"line":183,"column":899}},"52":{"start":{"line":183,"column":905},"end":{"line":183,"column":1066}},"53":{"start":{"line":183,"column":968},"end":{"line":183,"column":987}},"54":{"start":{"line":183,"column":987},"end":{"line":183,"column":1063}},"55":{"start":{"line":183,"column":1170},"end":{"line":183,"column":1174}},"56":{"start":{"line":183,"column":1175},"end":{"line":183,"column":1823}},"57":{"start":{"line":183,"column":1257},"end":{"line":183,"column":1767}},"58":{"start":{"line":183,"column":1272},"end":{"line":183,"column":1345}},"59":{"start":{"line":183,"column":1345},"end":{"line":183,"column":1572}},"60":{"start":{"line":183,"column":1580},"end":{"line":183,"column":1672}},"61":{"start":{"line":183,"column":1672},"end":{"line":183,"column":1766}},"62":{"start":{"line":183,"column":1794},"end":{"line":183,"column":1820}},"63":{"start":{"line":183,"column":1879},"end":{"line":183,"column":3205}},"64":{"start":{"line":183,"column":1977},"end":{"line":183,"column":2010}},"65":{"start":{"line":183,"column":3284},"end":{"line":183,"column":3294}},"66":{"start":{"line":183,"column":3312},"end":{"line":183,"column":3339}},"67":{"start":{"line":183,"column":3348},"end":{"line":183,"column":3366}},"68":{"start":{"line":183,"column":3376},"end":{"line":183,"column":3395}},"69":{"start":{"line":183,"column":3404},"end":{"line":183,"column":3422}},"70":{"start":{"line":183,"column":3441},"end":{"line":183,"column":3468}},"71":{"start":{"line":183,"column":3469},"end":{"line":183,"column":4393}},"72":{"start":{"line":185,"column":18},"end":{"line":185,"column":22}},"73":{"start":{"line":186,"column":6},"end":{"line":192,"column":7}},"74":{"start":{"line":187,"column":8},"end":{"line":189,"column":165}},"75":{"start":{"line":193,"column":6},"end":{"line":207,"column":120}},"76":{"start":{"line":197,"column":53},"end":{"line":197,"column":88}},"77":{"start":{"line":205,"column":49},"end":{"line":205,"column":83}},"78":{"start":{"line":206,"column":53},"end":{"line":206,"column":79}},"79":{"start":{"line":211,"column":60},"end":{"line":211,"column":136}},"80":{"start":{"line":211,"column":213},"end":{"line":211,"column":294}},"81":{"start":{"line":211,"column":338},"end":{"line":211,"column":569}},"82":{"start":{"line":211,"column":575},"end":{"line":211,"column":594}},"83":{"start":{"line":214,"column":13},"end":{"line":297,"column":28}},"84":{"start":{"line":303,"column":22},"end":{"line":306,"column":1}},"85":{"start":{"line":304,"column":2},"end":{"line":304,"column":23}},"86":{"start":{"line":304,"column":35},"end":{"line":304,"column":65}},"87":{"start":{"line":304,"column":78},"end":{"line":304,"column":109}},"88":{"start":{"line":304,"column":118},"end":{"line":304,"column":145}},"89":{"start":{"line":305,"column":2},"end":{"line":305,"column":68}},"90":{"start":{"line":308,"column":0},"end":{"line":308,"column":54}},"91":{"start":{"line":308,"column":55},"end":{"line":308,"column":82}}},"fnMap":{"0":{"name":"(anonymous_0)","decl":{"start":{"line":35,"column":14},"end":{"line":35,"column":15}},"loc":{"start":{"line":35,"column":36},"end":{"line":211,"column":595}},"line":35},"1":{"name":"ExpenseList","decl":{"start":{"line":39,"column":11},"end":{"line":39,"column":22}},"loc":{"start":{"line":39,"column":30},"end":{"line":183,"column":148}},"line":39},"2":{"name":"(anonymous_2)","decl":{"start":{"line":89,"column":23},"end":{"line":89,"column":24}},"loc":{"start":{"line":89,"column":35},"end":{"line":99,"column":5}},"line":89},"3":{"name":"(anonymous_3)","decl":{"start":{"line":90,"column":47},"end":{"line":90,"column":48}},"loc":{"start":{"line":90,"column":59},"end":{"line":98,"column":7}},"line":90},"4":{"name":"(anonymous_4)","decl":{"start":{"line":93,"column":46},"end":{"line":93,"column":47}},"loc":{"start":{"line":93,"column":58},"end":{"line":97,"column":9}},"line":93},"5":{"name":"(anonymous_5)","decl":{"start":{"line":177,"column":21},"end":{"line":177,"column":22}},"loc":{"start":{"line":177,"column":37},"end":{"line":183,"column":5}},"line":177},"6":{"name":"(anonymous_6)","decl":{"start":{"line":178,"column":56},"end":{"line":178,"column":57}},"loc":{"start":{"line":178,"column":75},"end":{"line":181,"column":7}},"line":178},"7":{"name":"componentDidMount","decl":{"start":{"line":183,"column":233},"end":{"line":183,"column":250}},"loc":{"start":{"line":183,"column":253},"end":{"line":183,"column":1067}},"line":183},"8":{"name":"(anonymous_8)","decl":{"start":{"line":183,"column":551},"end":{"line":183,"column":552}},"loc":{"start":{"line":183,"column":568},"end":{"line":183,"column":903}},"line":183},"9":{"name":"(anonymous_9)","decl":{"start":{"line":183,"column":651},"end":{"line":183,"column":652}},"loc":{"start":{"line":183,"column":670},"end":{"line":183,"column":900}},"line":183},"10":{"name":"(anonymous_10)","decl":{"start":{"line":183,"column":950},"end":{"line":183,"column":951}},"loc":{"start":{"line":183,"column":967},"end":{"line":183,"column":1064}},"line":183},"11":{"name":"retrieveExpenses","decl":{"start":{"line":183,"column":1114},"end":{"line":183,"column":1130}},"loc":{"start":{"line":183,"column":1156},"end":{"line":183,"column":1824}},"line":183},"12":{"name":"(anonymous_12)","decl":{"start":{"line":183,"column":1229},"end":{"line":183,"column":1230}},"loc":{"start":{"line":183,"column":1256},"end":{"line":183,"column":1768}},"line":183},"13":{"name":"(anonymous_13)","decl":{"start":{"line":183,"column":1776},"end":{"line":183,"column":1777}},"loc":{"start":{"line":183,"column":1793},"end":{"line":183,"column":1821}},"line":183},"14":{"name":"bindItem","decl":{"start":{"line":183,"column":1863},"end":{"line":183,"column":1871}},"loc":{"start":{"line":183,"column":1878},"end":{"line":183,"column":3206}},"line":183},"15":{"name":"onPress","decl":{"start":{"line":183,"column":1966},"end":{"line":183,"column":1973}},"loc":{"start":{"line":183,"column":1976},"end":{"line":183,"column":2011}},"line":183},"16":{"name":"renderFooter","decl":{"start":{"line":183,"column":3249},"end":{"line":183,"column":3261}},"loc":{"start":{"line":183,"column":3264},"end":{"line":183,"column":4394}},"line":183},"17":{"name":"render","decl":{"start":{"line":183,"column":4431},"end":{"line":183,"column":4437}},"loc":{"start":{"line":185,"column":4},"end":{"line":211,"column":5}},"line":185},"18":{"name":"onChangeText","decl":{"start":{"line":197,"column":33},"end":{"line":197,"column":45}},"loc":{"start":{"line":197,"column":52},"end":{"line":197,"column":89}},"line":197},"19":{"name":"renderItem","decl":{"start":{"line":205,"column":31},"end":{"line":205,"column":41}},"loc":{"start":{"line":205,"column":48},"end":{"line":205,"column":84}},"line":205},"20":{"name":"keyExtractor","decl":{"start":{"line":206,"column":33},"end":{"line":206,"column":45}},"loc":{"start":{"line":206,"column":52},"end":{"line":206,"column":80}},"line":206},"21":{"name":"onPress","decl":{"start":{"line":211,"column":45},"end":{"line":211,"column":52}},"loc":{"start":{"line":211,"column":59},"end":{"line":211,"column":137}},"line":211},"22":{"name":"getMatch","decl":{"start":{"line":211,"column":176},"end":{"line":211,"column":184}},"loc":{"start":{"line":211,"column":212},"end":{"line":211,"column":295}},"line":211},"23":{"name":"get","decl":{"start":{"line":211,"column":331},"end":{"line":211,"column":334}},"loc":{"start":{"line":211,"column":337},"end":{"line":211,"column":570}},"line":211},"24":{"name":"mapStateToProps","decl":{"start":{"line":303,"column":31},"end":{"line":303,"column":46}},"loc":{"start":{"line":303,"column":57},"end":{"line":306,"column":1}},"line":303}},"branchMap":{"0":{"loc":{"start":{"line":94,"column":10},"end":{"line":96,"column":11}},"type":"if","locations":[{"start":{"line":94,"column":10},"end":{"line":96,"column":11}},{"start":{"line":94,"column":10},"end":{"line":96,"column":11}}],"line":94},"1":{"loc":{"start":{"line":179,"column":15},"end":{"line":180,"column":54}},"type":"binary-expr","locations":[{"start":{"line":179,"column":15},"end":{"line":179,"column":59}},{"start":{"line":179,"column":63},"end":{"line":179,"column":108}},{"start":{"line":180,"column":8},"end":{"line":180,"column":54}}],"line":179},"2":{"loc":{"start":{"line":183,"column":671},"end":{"line":183,"column":822}},"type":"if","locations":[{"start":{"line":183,"column":671},"end":{"line":183,"column":822}},{"start":{"line":183,"column":671},"end":{"line":183,"column":822}}],"line":183},"3":{"loc":{"start":{"line":183,"column":1257},"end":{"line":183,"column":1767}},"type":"if","locations":[{"start":{"line":183,"column":1257},"end":{"line":183,"column":1767}},{"start":{"line":183,"column":1257},"end":{"line":183,"column":1767}}],"line":183},"4":{"loc":{"start":{"line":183,"column":3743},"end":{"line":183,"column":3800}},"type":"cond-expr","locations":[{"start":{"line":183,"column":3758},"end":{"line":183,"column":3783}},{"start":{"line":183,"column":3786},"end":{"line":183,"column":3800}}],"line":183},"5":{"loc":{"start":{"line":183,"column":3831},"end":{"line":183,"column":4391}},"type":"cond-expr","locations":[{"start":{"line":183,"column":3845},"end":{"line":183,"column":4384}},{"start":{"line":183,"column":4387},"end":{"line":183,"column":4391}}],"line":183},"6":{"loc":{"start":{"line":183,"column":4196},"end":{"line":183,"column":4383}},"type":"cond-expr","locations":[{"start":{"line":183,"column":4213},"end":{"line":183,"column":4376}},{"start":{"line":183,"column":4379},"end":{"line":183,"column":4383}}],"line":183},"7":{"loc":{"start":{"line":186,"column":6},"end":{"line":192,"column":7}},"type":"if","locations":[{"start":{"line":186,"column":6},"end":{"line":192,"column":7}},{"start":{"line":186,"column":6},"end":{"line":192,"column":7}}],"line":186}},"s":{"0":0,"1":0,"2":0,"3":0,"4":0,"5":0,"6":0,"7":0,"8":0,"9":0,"10":0,"11":0,"12":0,"13":0,"14":0,"15":0,"16":0,"17":0,"18":0,"19":0,"20":0,"21":0,"22":0,"23":0,"24":0,"25":0,"26":0,"27":0,"28":0,"29":0,"30":0,"31":0,"32":0,"33":0,"34":0,"35":0,"36":0,"37":0,"38":0,"39":0,"40":0,"41":0,"42":0,"43":0,"44":0,"45":0,"46":0,"47":0,"48":0,"49":0,"50":0,"51":0,"52":0,"53":0,"54":0,"55":0,"56":0,"57":0,"58":0,"59":0,"60":0,"61":0,"62":0,"63":0,"64":0,"65":0,"66":0,"67":0,"68":0,"69":0,"70":0,"71":0,"72":0,"73":0,"74":0,"75":0,"76":0,"77":0,"78":0,"79":0,"80":0,"81":0,"82":0,"83":0,"84":0,"85":0,"86":0,"87":0,"88":0,"89":0,"90":0,"91":0},"f":{"0":0,"1":0,"2":0,"3":0,"4":0,"5":0,"6":0,"7":0,"8":0,"9":0,"10":0,"11":0,"12":0,"13":0,"14":0,"15":0,"16":0,"17":0,"18":0,"19":0,"20":0,"21":0,"22":0,"23":0,"24":0},"b":{"0":[0,0],"1":[0,0,0],"2":[0,0],"3":[0,0],"4":[0,0],"5":[0,0],"6":[0,0],"7":[0,0]},"hash":"ab4adbc3aa5ec9a0edde1326d17eaf757f901f34"}
,"/home/coder/Persona/react-native/DapaniApp/services/expense-service.ts": {"path":"/home/coder/Persona/react-native/DapaniApp/services/expense-service.ts","statementMap":{"0":{"start":{"line":1,"column":42},"end":{"line":1,"column":97}},"1":{"start":{"line":1,"column":98},"end":{"line":1,"column":160}},"2":{"start":{"line":1,"column":160},"end":{"line":1,"column":185}},"3":{"start":{"line":1,"column":204},"end":{"line":1,"column":265}},"4":{"start":{"line":1,"column":289},"end":{"line":1,"column":361}},"5":{"start":{"line":1,"column":382},"end":{"line":1,"column":451}},"6":{"start":{"line":1,"column":465},"end":{"line":1,"column":484}},"7":{"start":{"line":2,"column":22},"end":{"line":2,"column":59}},"8":{"start":{"line":9,"column":14},"end":{"line":9,"column":55}},"9":{"start":{"line":16,"column":17},"end":{"line":63,"column":35}},"10":{"start":{"line":16,"column":57},"end":{"line":16,"column":109}},"11":{"start":{"line":16,"column":110},"end":{"line":63,"column":10}},"12":{"start":{"line":20,"column":20},"end":{"line":22,"column":168}},"13":{"start":{"line":20,"column":89},"end":{"line":22,"column":165}},"14":{"start":{"line":20,"column":100},"end":{"line":22,"column":164}},"15":{"start":{"line":20,"column":147},"end":{"line":20,"column":165}},"16":{"start":{"line":20,"column":165},"end":{"line":22,"column":67}},"17":{"start":{"line":22,"column":40},"end":{"line":22,"column":63}},"18":{"start":{"line":22,"column":74},"end":{"line":22,"column":122}},"19":{"start":{"line":22,"column":140},"end":{"line":22,"column":163}},"20":{"start":{"line":26,"column":21},"end":{"line":26,"column":35}},"21":{"start":{"line":27,"column":6},"end":{"line":27,"column":41}},"22":{"start":{"line":28,"column":6},"end":{"line":31,"column":29}},"23":{"start":{"line":34,"column":6},"end":{"line":46,"column":9}},"24":{"start":{"line":38,"column":32},"end":{"line":38,"column":55}},"25":{"start":{"line":40,"column":8},"end":{"line":40,"column":48}},"26":{"start":{"line":41,"column":8},"end":{"line":41,"column":40}},"27":{"start":{"line":44,"column":8},"end":{"line":44,"column":45}},"28":{"start":{"line":45,"column":8},"end":{"line":45,"column":36}},"29":{"start":{"line":50,"column":6},"end":{"line":50,"column":86}},"30":{"start":{"line":54,"column":6},"end":{"line":54,"column":90}},"31":{"start":{"line":58,"column":6},"end":{"line":58,"column":80}},"32":{"start":{"line":62,"column":6},"end":{"line":62,"column":77}},"33":{"start":{"line":63,"column":10},"end":{"line":63,"column":32}},"34":{"start":{"line":63,"column":36},"end":{"line":63,"column":69}},"35":{"start":{"line":63,"column":69},"end":{"line":63,"column":122}}},"fnMap":{"0":{"name":"(anonymous_0)","decl":{"start":{"line":16,"column":17},"end":{"line":16,"column":18}},"loc":{"start":{"line":16,"column":29},"end":{"line":63,"column":33}},"line":16},"1":{"name":"ExpenseService","decl":{"start":{"line":16,"column":39},"end":{"line":16,"column":53}},"loc":{"start":{"line":16,"column":56},"end":{"line":16,"column":110}},"line":16},"2":{"name":"fetchExpenses","decl":{"start":{"line":16,"column":194},"end":{"line":16,"column":207}},"loc":{"start":{"line":20,"column":19},"end":{"line":22,"column":169}},"line":20},"3":{"name":"fetchExpenses$","decl":{"start":{"line":20,"column":63},"end":{"line":20,"column":77}},"loc":{"start":{"line":20,"column":88},"end":{"line":22,"column":166}},"line":20},"4":{"name":"(anonymous_4)","decl":{"start":{"line":22,"column":19},"end":{"line":22,"column":20}},"loc":{"start":{"line":22,"column":39},"end":{"line":22,"column":64}},"line":22},"5":{"name":"uploadReceipt","decl":{"start":{"line":22,"column":213},"end":{"line":22,"column":226}},"loc":{"start":{"line":25,"column":41},"end":{"line":47,"column":5}},"line":25},"6":{"name":"(anonymous_6)","decl":{"start":{"line":38,"column":11},"end":{"line":38,"column":12}},"loc":{"start":{"line":38,"column":31},"end":{"line":38,"column":56}},"line":38},"7":{"name":"(anonymous_7)","decl":{"start":{"line":39,"column":11},"end":{"line":39,"column":12}},"loc":{"start":{"line":39,"column":31},"end":{"line":42,"column":7}},"line":39},"8":{"name":"(anonymous_8)","decl":{"start":{"line":43,"column":12},"end":{"line":43,"column":13}},"loc":{"start":{"line":43,"column":29},"end":{"line":46,"column":7}},"line":43},"9":{"name":"dispatchSaveExpenses","decl":{"start":{"line":47,"column":56},"end":{"line":47,"column":76}},"loc":{"start":{"line":49,"column":21},"end":{"line":51,"column":5}},"line":49},"10":{"name":"dispatchUpdateExpenseComment","decl":{"start":{"line":51,"column":64},"end":{"line":51,"column":92}},"loc":{"start":{"line":53,"column":17},"end":{"line":55,"column":5}},"line":53},"11":{"name":"dispatchUpdateExpenseReceipt","decl":{"start":{"line":55,"column":64},"end":{"line":55,"column":92}},"loc":{"start":{"line":57,"column":13},"end":{"line":59,"column":5}},"line":57},"12":{"name":"dispatchLoadMoreExpenses","decl":{"start":{"line":59,"column":60},"end":{"line":59,"column":84}},"loc":{"start":{"line":61,"column":14},"end":{"line":63,"column":5}},"line":61}},"branchMap":{"0":{"loc":{"start":{"line":20,"column":100},"end":{"line":22,"column":164}},"type":"switch","locations":[{"start":{"line":20,"column":140},"end":{"line":22,"column":67}},{"start":{"line":22,"column":67},"end":{"line":22,"column":122}},{"start":{"line":22,"column":122},"end":{"line":22,"column":129}},{"start":{"line":22,"column":129},"end":{"line":22,"column":163}}],"line":20}},"s":{"0":1,"1":1,"2":1,"3":1,"4":1,"5":1,"6":1,"7":1,"8":1,"9":1,"10":1,"11":1,"12":1,"13":3,"14":3,"15":1,"16":1,"17":1,"18":1,"19":1,"20":0,"21":0,"22":0,"23":0,"24":0,"25":0,"26":0,"27":0,"28":0,"29":0,"30":0,"31":0,"32":0,"33":1,"34":1,"35":1},"f":{"0":1,"1":1,"2":1,"3":3,"4":1,"5":0,"6":0,"7":0,"8":0,"9":0,"10":0,"11":0,"12":0},"b":{"0":[1,1,0,1]},"_coverageSchema":"43e27e138ebf9cfc5966b082cf9a028302ed4184","hash":"04560f48f07f576bcfa7a1cf975e515d1166358c"}
}
