TN:
SF:/home/coder/Persona/react-native/DapaniApp/App.tsx
FN:13,App
FNF:1
FNH:0
FNDA:0,App
DA:1,0
DA:9,0
DA:10,0
DA:11,0
DA:13,0
DA:19,0
LF:6
LH:0
BRF:0
BRH:0
end_of_record
TN:
SF:/home/coder/Persona/react-native/DapaniApp/store.ts
FNF:0
FNH:0
DA:1,1
DA:2,1
DA:3,1
DA:5,1
DA:8,1
LF:5
LH:5
BRF:0
BRH:0
end_of_record
TN:
SF:/home/coder/Persona/react-native/DapaniApp/actions/expense-actions.ts
FN:10,saveExpensesAction
FN:15,updateExpenseCommentAction
FN:20,updateExpenseReceipt
FN:25,loadMoreExpenses
FNF:4
FNH:0
FNDA:0,saveExpensesAction
FNDA:0,updateExpenseCommentAction
FNDA:0,updateExpenseReceipt
FNDA:0,loadMoreExpenses
DA:1,1
DA:10,1
DA:12,1
DA:15,1
DA:17,1
DA:20,1
DA:22,1
DA:25,1
DA:27,1
LF:9
LH:9
BRF:0
BRH:0
end_of_record
TN:
SF:/home/coder/Persona/react-native/DapaniApp/common/common-types.ts
FNF:0
FNH:0
LF:0
LH:0
BRF:0
BRH:0
end_of_record
TN:
SF:/home/coder/Persona/react-native/DapaniApp/common/redux-types.ts
FNF:0
FNH:0
DA:1,1
DA:4,1
DA:5,1
DA:6,1
DA:7,1
LF:5
LH:5
BRF:0
BRH:0
end_of_record
TN:
SF:/home/coder/Persona/react-native/DapaniApp/components/item-separator.tsx
FN:4,(anonymous_0)
FN:4,ItemSeparator
FN:4,render
FNF:3
FNH:0
FNDA:0,(anonymous_0)
FNDA:0,ItemSeparator
FNDA:0,render
DA:1,0
DA:2,0
DA:4,0
DA:6,0
DA:7,0
DA:10,0
LF:6
LH:0
BRF:0
BRH:0
end_of_record
TN:
SF:/home/coder/Persona/react-native/DapaniApp/navigation/navigation.ts
FN:6,registerScreens
FN:7,(anonymous_1)
FNF:2
FNH:0
FNDA:0,registerScreens
FNDA:0,(anonymous_1)
DA:1,0
DA:2,0
DA:3,0
DA:4,0
DA:7,0
LF:5
LH:0
BRF:0
BRH:0
end_of_record
TN:
SF:/home/coder/Persona/react-native/DapaniApp/reducers/expense-reducers.ts
FN:11,findExpense
FN:12,(anonymous_1)
FN:15,expenseReducer
FN:18,(anonymous_3)
FN:20,(anonymous_4)
FN:27,(anonymous_5)
FN:28,(anonymous_6)
FN:33,(anonymous_7)
FN:40,(anonymous_8)
FNF:9
FNH:1
FNDA:0,findExpense
FNDA:0,(anonymous_1)
FNDA:3,expenseReducer
FNDA:0,(anonymous_3)
FNDA:0,(anonymous_4)
FNDA:0,(anonymous_5)
FNDA:0,(anonymous_6)
FNDA:0,(anonymous_7)
FNDA:0,(anonymous_8)
DA:1,1
DA:2,1
DA:5,1
DA:12,0
DA:15,3
DA:16,3
DA:18,0
DA:19,0
DA:20,0
DA:23,0
DA:24,0
DA:27,0
DA:28,0
DA:33,0
DA:34,0
DA:35,0
DA:36,0
DA:40,0
DA:41,0
DA:42,0
DA:43,0
DA:47,3
DA:49,1
LF:23
LH:7
BRDA:15,0,0,0
BRDA:15,0,1,3
BRDA:15,1,0,3
BRDA:15,1,1,3
BRDA:15,2,0,3
BRDA:15,2,1,0
BRDA:16,3,0,0
BRDA:16,3,1,0
BRDA:16,3,2,0
BRDA:16,3,3,0
BRDA:16,3,4,3
BRDA:35,4,0,0
BRDA:35,4,1,0
BRDA:42,5,0,0
BRDA:42,5,1,0
BRF:15
BRH:5
end_of_record
TN:
SF:/home/coder/Persona/react-native/DapaniApp/reducers/index.ts
FNF:0
FNH:0
DA:1,1
DA:2,1
DA:4,1
LF:3
LH:3
BRF:0
BRH:0
end_of_record
TN:
SF:/home/coder/Persona/react-native/DapaniApp/screens/expense-list.tsx
FN:35,(anonymous_0)
FN:39,ExpenseList
FN:89,(anonymous_2)
FN:90,(anonymous_3)
FN:93,(anonymous_4)
FN:177,(anonymous_5)
FN:178,(anonymous_6)
FN:183,componentDidMount
FN:183,(anonymous_8)
FN:183,(anonymous_9)
FN:183,(anonymous_10)
FN:183,retrieveExpenses
FN:183,(anonymous_12)
FN:183,(anonymous_13)
FN:183,bindItem
FN:183,onPress
FN:183,renderFooter
FN:183,render
FN:197,onChangeText
FN:205,renderItem
FN:206,keyExtractor
FN:211,onPress
FN:211,getMatch
FN:211,get
FN:303,mapStateToProps
FNF:25
FNH:0
FNDA:0,(anonymous_0)
FNDA:0,ExpenseList
FNDA:0,(anonymous_2)
FNDA:0,(anonymous_3)
FNDA:0,(anonymous_4)
FNDA:0,(anonymous_5)
FNDA:0,(anonymous_6)
FNDA:0,componentDidMount
FNDA:0,(anonymous_8)
FNDA:0,(anonymous_9)
FNDA:0,(anonymous_10)
FNDA:0,retrieveExpenses
FNDA:0,(anonymous_12)
FNDA:0,(anonymous_13)
FNDA:0,bindItem
FNDA:0,onPress
FNDA:0,renderFooter
FNDA:0,render
FNDA:0,onChangeText
FNDA:0,renderItem
FNDA:0,keyExtractor
FNDA:0,onPress
FNDA:0,getMatch
FNDA:0,get
FNDA:0,mapStateToProps
DA:1,0
DA:2,0
DA:13,0
DA:15,0
DA:16,0
DA:18,0
DA:35,0
DA:39,0
DA:40,0
DA:90,0
DA:91,0
DA:92,0
DA:93,0
DA:94,0
DA:95,0
DA:99,0
DA:178,0
DA:179,0
DA:182,0
DA:183,0
DA:185,0
DA:186,0
DA:187,0
DA:193,0
DA:197,0
DA:205,0
DA:206,0
DA:211,0
DA:214,0
DA:303,0
DA:304,0
DA:305,0
DA:308,0
LF:33
LH:0
BRDA:94,0,0,0
BRDA:94,0,1,0
BRDA:179,1,0,0
BRDA:179,1,1,0
BRDA:179,1,2,0
BRDA:183,2,0,0
BRDA:183,2,1,0
BRDA:183,3,0,0
BRDA:183,3,1,0
BRDA:183,4,0,0
BRDA:183,4,1,0
BRDA:183,5,0,0
BRDA:183,5,1,0
BRDA:183,6,0,0
BRDA:183,6,1,0
BRDA:186,7,0,0
BRDA:186,7,1,0
BRF:17
BRH:0
end_of_record
TN:
SF:/home/coder/Persona/react-native/DapaniApp/services/expense-service.ts
FN:16,(anonymous_0)
FN:16,ExpenseService
FN:16,fetchExpenses
FN:20,fetchExpenses$
FN:22,(anonymous_4)
FN:22,uploadReceipt
FN:38,(anonymous_6)
FN:39,(anonymous_7)
FN:43,(anonymous_8)
FN:47,dispatchSaveExpenses
FN:51,dispatchUpdateExpenseComment
FN:55,dispatchUpdateExpenseReceipt
FN:59,dispatchLoadMoreExpenses
FNF:13
FNH:5
FNDA:1,(anonymous_0)
FNDA:1,ExpenseService
FNDA:1,fetchExpenses
FNDA:3,fetchExpenses$
FNDA:1,(anonymous_4)
FNDA:0,uploadReceipt
FNDA:0,(anonymous_6)
FNDA:0,(anonymous_7)
FNDA:0,(anonymous_8)
FNDA:0,dispatchSaveExpenses
FNDA:0,dispatchUpdateExpenseComment
FNDA:0,dispatchUpdateExpenseReceipt
FNDA:0,dispatchLoadMoreExpenses
DA:1,1
DA:2,1
DA:9,1
DA:16,1
DA:20,3
DA:22,1
DA:26,0
DA:27,0
DA:28,0
DA:34,0
DA:38,0
DA:40,0
DA:41,0
DA:44,0
DA:45,0
DA:50,0
DA:54,0
DA:58,0
DA:62,0
DA:63,1
LF:20
LH:7
BRDA:20,0,0,1
BRDA:20,0,1,1
BRDA:20,0,2,0
BRDA:20,0,3,1
BRF:4
BRH:3
end_of_record
